MSBuild version 18.7.1+024f5b037 for .NET Framework

  1>Checking Build System
  Building Custom Rule D:/a/chess-clock/chess-clock/build/_deps/fltk-src/src/CMakeLists.txt
  Fl.cxx
  Fl_Adjuster.cxx
  Fl_Bitmap.cxx
  Fl_Browser.cxx
  Fl_Browser_.cxx
  Fl_Browser_load.cxx
  Fl_Box.cxx
  Fl_Button.cxx
  Fl_Chart.cxx
  Fl_Check_Browser.cxx
  Fl_Check_Button.cxx
  Fl_Choice.cxx
  Fl_Clock.cxx
  Fl_Color_Chooser.cxx
  Fl_Copy_Surface.cxx
  Fl_Counter.cxx
  Fl_Device.cxx
  Fl_Dial.cxx
  Fl_Double_Window.cxx
  Fl_File_Browser.cxx
  Generating Code...
  Compiling...
  Fl_File_Chooser.cxx
  Fl_File_Chooser2.cxx
  Fl_File_Icon.cxx
  Fl_File_Input.cxx
  Fl_Flex.cxx
  Fl_Graphics_Driver.cxx
  Fl_Grid.cxx
  Fl_Group.cxx
  Fl_Help_View.cxx
  Fl_Image.cxx
  Fl_Image_Surface.cxx
  Fl_Input.cxx
  Fl_Input_.cxx
  Fl_Input_Choice.cxx
  Fl_Int_Vector.cxx
  Fl_Light_Button.cxx
  Fl_Menu.cxx
  Fl_Menu_.cxx
  Fl_Menu_Bar.cxx
  Fl_Menu_Button.cxx
  Generating Code...
  Compiling...
  Fl_Menu_Window.cxx
  Fl_Menu_add.cxx
  Fl_Menu_global.cxx
  Fl_Message.cxx
  Fl_Multi_Label.cxx
  Fl_Native_File_Chooser.cxx
  Fl_Overlay_Window.cxx
  Fl_Pack.cxx
  Fl_Paged_Device.cxx
  Fl_Pixmap.cxx
  Fl_Positioner.cxx
  Fl_Preferences.cxx
  Fl_Printer.cxx
  Fl_Progress.cxx
  Fl_Repeat_Button.cxx
  Fl_Return_Button.cxx
  Fl_Roller.cxx
  Fl_Round_Button.cxx
  Fl_Scheme.cxx
  Fl_Scheme_Choice.cxx
  Generating Code...
  Compiling...
  Fl_Screen_Driver.cxx
  Fl_Scroll.cxx
  Fl_Scrollbar.cxx
  Fl_Shared_Image.cxx
  Fl_Shortcut_Button.cxx
  Fl_Single_Window.cxx
  Fl_Slider.cxx
  Fl_Spinner.cxx
  Fl_String.cxx
  Fl_Sys_Menu_Bar.cxx
  Fl_System_Driver.cxx
  Fl_Table.cxx
  Fl_Table_Row.cxx
  Fl_Tabs.cxx
  Fl_Terminal.cxx
  Fl_Text_Buffer.cxx
  Fl_Text_Display.cxx
  Fl_Text_Editor.cxx
  Fl_Tile.cxx
  Fl_Tiled_Image.cxx
  Generating Code...
  Compiling...
  Fl_Timeout.cxx
  Fl_Tooltip.cxx
  Fl_Tree.cxx
  Fl_Tree_Item_Array.cxx
  Fl_Tree_Item.cxx
  Fl_Tree_Prefs.cxx
  Fl_Valuator.cxx
  Fl_Value_Input.cxx
  Fl_Value_Output.cxx
  Fl_Value_Slider.cxx
  Fl_Widget.cxx
  Fl_Widget_Surface.cxx
  Fl_Window.cxx
  Fl_Window_Driver.cxx
  Fl_Window_fullscreen.cxx
  Fl_Window_hotspot.cxx
  Fl_Window_iconize.cxx
  Fl_Wizard.cxx
  Fl_XBM_Image.cxx
  Fl_XPM_Image.cxx
  Generating Code...
  Compiling...
  Fl_abort.cxx
  Fl_add_idle.cxx
  Fl_arg.cxx
  Fl_compose.cxx
  Fl_display.cxx
  Fl_get_system_colors.cxx
  Fl_grab.cxx
  Fl_lock.cxx
  Fl_own_colormap.cxx
  Fl_visual.cxx
  filename_absolute.cxx
  filename_expand.cxx
  filename_ext.cxx
  filename_isdir.cxx
  filename_list.cxx
  filename_match.cxx
  filename_setext.cxx
  fl_arc.cxx
  fl_ask.cxx
  fl_boxtype.cxx
  Generating Code...
  Compiling...
  fl_color.cxx
  fl_contrast.cxx
  fl_cursor.cxx
  fl_curve.cxx
  fl_diamond_box.cxx
  fl_draw.cxx
  fl_draw_arrow.cxx
  fl_draw_pixmap.cxx
  fl_encoding_latin1.cxx
  fl_encoding_mac_roman.cxx
  fl_engraved_label.cxx
  fl_file_dir.cxx
  fl_font.cxx
  fl_gleam.cxx
  fl_gtk.cxx
  fl_labeltype.cxx
  fl_open_uri.cxx
  fl_oval_box.cxx
  fl_overlay.cxx
  fl_oxy.cxx
  Generating Code...
  Compiling...
  fl_plastic.cxx
  fl_read_image.cxx
  fl_rect.cxx
  fl_round_box.cxx
  fl_rounded_box.cxx
  fl_set_font.cxx
  fl_scroll_area.cxx
  fl_shadow_box.cxx
  fl_shortcut.cxx
  fl_show_colormap.cxx
  fl_string_functions.cxx
  fl_symbols.cxx
  fl_utf8.cxx
  fl_vertex.cxx
  print_button.cxx
  screen_xywh.cxx
  Fl_WinAPI_System_Driver.cxx
  Fl_WinAPI_Screen_Driver.cxx
  Fl_WinAPI_Window_Driver.cxx
  Fl_WinAPI_Printer_Driver.cxx
  Generating Code...
  Compiling...
  Fl_GDI_Graphics_Driver.cxx
  Fl_GDI_Graphics_Driver_arci.cxx
  Fl_GDI_Graphics_Driver_color.cxx
  Fl_GDI_Graphics_Driver_font.cxx
  Fl_GDI_Graphics_Driver_image.cxx
  Fl_GDI_Graphics_Driver_line_style.cxx
  Fl_GDI_Graphics_Driver_rect.cxx
  Fl_GDI_Graphics_Driver_vertex.cxx
  Fl_GDI_Copy_Surface_Driver.cxx
  Fl_GDI_Image_Surface_Driver.cxx
  Fl_win32.cxx
  fl_dnd_win32.cxx
  Fl_Native_File_Chooser_WIN32.cxx
  Fl_get_key_win32.cxx
  fl_WinAPI_platform_init.cxx
  Fl_PostScript.cxx
  Fl_PostScript_image.cxx
  Generating Code...
  flstring.c
  numericsort.c
  vsnprintf.c
  is_right2left.c
  is_spacing.c
  case.c
  scandir_win32.c
  fl_call_main.c
  Generating Code...
  fltk.vcxproj -> D:\a\chess-clock\chess-clock\build\_deps\fltk-build\lib\Release\fltk.lib
  Building Custom Rule D:/a/chess-clock/chess-clock/CMakeLists.txt
  main.cpp
  chess_clock.cpp
  prefs.cpp
  settings_dialog.cpp
  Generating Code...
LINK : warning LNK4098: defaultlib 'MSVCRT' conflicts with use of other libs; use /NODEFAULTLIB:library [D:\a\chess-clock\chess-clock\build\chess_clock.vcxproj]
LINK : warning LNK4286: symbol '__stdio_common_vsprintf' defined in 'libucrt.lib(output.obj)' is imported by 'fltk.lib(Fl_Valuator.obj)' [D:\a\chess-clock\chess-clock\build\chess_clock.vcxproj]
LINK : warning LNK4286: symbol '__stdio_common_vsprintf' defined in 'libucrt.lib(output.obj)' is imported by 'fltk.lib(Fl_Native_File_Chooser_WIN32.obj)' [D:\a\chess-clock\chess-clock\build\chess_clock.vcxproj]
LINK : warning LNK4286: symbol '__stdio_common_vsprintf' defined in 'libucrt.lib(output.obj)' is imported by 'fltk.lib(Fl_Text_Buffer.obj)' [D:\a\chess-clock\chess-clock\build\chess_clock.vcxproj]
LINK : warning LNK4286: symbol '__stdio_common_vsprintf' defined in 'libucrt.lib(output.obj)' is imported by 'fltk.lib(Fl_Text_Display.obj)' [D:\a\chess-clock\chess-clock\build\chess_clock.vcxproj]
LINK : warning LNK4286: symbol '__stdio_common_vsprintf' defined in 'libucrt.lib(output.obj)' is imported by 'fltk.lib(vsnprintf.obj)' [D:\a\chess-clock\chess-clock\build\chess_clock.vcxproj]
LINK : warning LNK4286: symbol '__stdio_common_vsprintf' defined in 'libucrt.lib(output.obj)' is imported by 'fltk.lib(Fl_Preferences.obj)' [D:\a\chess-clock\chess-clock\build\chess_clock.vcxproj]
LINK : warning LNK4286: symbol '__stdio_common_vsprintf' defined in 'libucrt.lib(output.obj)' is imported by 'fltk.lib(Fl_WinAPI_System_Driver.obj)' [D:\a\chess-clock\chess-clock\build\chess_clock.vcxproj]
LINK : warning LNK4286: symbol '__stdio_common_vsprintf' defined in 'libucrt.lib(output.obj)' is imported by 'fltk.lib(Fl_WinAPI_Printer_Driver.obj)' [D:\a\chess-clock\chess-clock\build\chess_clock.vcxproj]
LINK : warning LNK4286: symbol '__stdio_common_vsprintf' defined in 'libucrt.lib(output.obj)' is imported by 'fltk.lib(Fl_Message.obj)' [D:\a\chess-clock\chess-clock\build\chess_clock.vcxproj]
LINK : warning LNK4217: symbol '__stdio_common_vsprintf' defined in 'libucrt.lib(output.obj)' is imported by 'fltk.lib(Fl_get_system_colors.obj)' in function 'snprintf' [D:\a\chess-clock\chess-clock\build\chess_clock.vcxproj]
LINK : warning LNK4286: symbol '__stdio_common_vsprintf' defined in 'libucrt.lib(output.obj)' is imported by 'fltk.lib(Fl_Input_.obj)' [D:\a\chess-clock\chess-clock\build\chess_clock.vcxproj]
LINK : warning LNK4286: symbol '__stdio_common_vsprintf' defined in 'libucrt.lib(output.obj)' is imported by 'fltk.lib(Fl_Pixmap.obj)' [D:\a\chess-clock\chess-clock\build\chess_clock.vcxproj]
LINK : warning LNK4286: symbol '__stdio_common_vsprintf' defined in 'libucrt.lib(output.obj)' is imported by 'fltk.lib(Fl_Screen_Driver.obj)' [D:\a\chess-clock\chess-clock\build\chess_clock.vcxproj]
LINK : warning LNK4286: symbol 'free' defined in 'libucrt.lib(free.obj)' is imported by 'fltk.lib(fl_call_main.obj)' [D:\a\chess-clock\chess-clock\build\chess_clock.vcxproj]
LINK : warning LNK4286: symbol 'free' defined in 'libucrt.lib(free.obj)' is imported by 'fltk.lib(scandir_win32.obj)' [D:\a\chess-clock\chess-clock\build\chess_clock.vcxproj]
LINK : warning LNK4286: symbol 'free' defined in 'libucrt.lib(free.obj)' is imported by 'fltk.lib(Fl_Native_File_Chooser_WIN32.obj)' [D:\a\chess-clock\chess-clock\build\chess_clock.vcxproj]
LINK : warning LNK4286: symbol 'free' defined in 'libucrt.lib(free.obj)' is imported by 'fltk.lib(Fl_Text_Buffer.obj)' [D:\a\chess-clock\chess-clock\build\chess_clock.vcxproj]
LINK : warning LNK4286: symbol 'free' defined in 'libucrt.lib(free.obj)' is imported by 'fltk.lib(Fl_Text_Display.obj)' [D:\a\chess-clock\chess-clock\build\chess_clock.vcxproj]
LINK : warning LNK4286: symbol 'free' defined in 'libucrt.lib(free.obj)' is imported by 'fltk.lib(Fl_Text_Editor.obj)' [D:\a\chess-clock\chess-clock\build\chess_clock.vcxproj]
LINK : warning LNK4217: symbol 'free' defined in 'libucrt.lib(free.obj)' is imported by 'fltk.lib(fl_dnd_win32.obj)' in function '"public: virtual long __cdecl FLDataObject::GetData(struct tagFORMATETC *,struct tagSTGMEDIUM *)" (?GetData@FLDataObject@@UEAAJPEAUtagFORMATETC@@PEAUtagSTGMEDIUM@@@Z)' [D:\a\chess-clock\chess-clock\build\chess_clock.vcxproj]
LINK : warning LNK4286: symbol 'free' defined in 'libucrt.lib(free.obj)' is imported by 'fltk.lib(Fl_Browser.obj)' [D:\a\chess-clock\chess-clock\build\chess_clock.vcxproj]
LINK : warning LNK4286: symbol 'free' defined in 'libucrt.lib(free.obj)' is imported by 'fltk.lib(Fl_String.obj)' [D:\a\chess-clock\chess-clock\build\chess_clock.vcxproj]
LINK : warning LNK4286: symbol 'free' defined in 'libucrt.lib(free.obj)' is imported by 'fltk.lib(Fl_WinAPI_Printer_Driver.obj)' [D:\a\chess-clock\chess-clock\build\chess_clock.vcxproj]
LINK : warning LNK4286: symbol 'free' defined in 'libucrt.lib(free.obj)' is imported by 'fltk.lib(Fl_Message.obj)' [D:\a\chess-clock\chess-clock\build\chess_clock.vcxproj]
LINK : warning LNK4286: symbol 'free' defined in 'libucrt.lib(free.obj)' is imported by 'fltk.lib(Fl_GDI_Graphics_Driver_image.obj)' [D:\a\chess-clock\chess-clock\build\chess_clock.vcxproj]
LINK : warning LNK4286: symbol 'free' defined in 'libucrt.lib(free.obj)' is imported by 'fltk.lib(Fl_GDI_Graphics_Driver_font.obj)' [D:\a\chess-clock\chess-clock\build\chess_clock.vcxproj]
LINK : warning LNK4286: symbol 'free' defined in 'libucrt.lib(free.obj)' is imported by 'fltk.lib(Fl_WinAPI_System_Driver.obj)' [D:\a\chess-clock\chess-clock\build\chess_clock.vcxproj]
LINK : warning LNK4286: symbol 'free' defined in 'libucrt.lib(free.obj)' is imported by 'fltk.lib(Fl_win32.obj)' [D:\a\chess-clock\chess-clock\build\chess_clock.vcxproj]
LINK : warning LNK4286: symbol 'free' defined in 'libucrt.lib(free.obj)' is imported by 'fltk.lib(Fl_WinAPI_Window_Driver.obj)' [D:\a\chess-clock\chess-clock\build\chess_clock.vcxproj]
LINK : warning LNK4286: symbol 'free' defined in 'libucrt.lib(free.obj)' is imported by 'fltk.lib(Fl_GDI_Image_Surface_Driver.obj)' [D:\a\chess-clock\chess-clock\build\chess_clock.vcxproj]
LINK : warning LNK4286: symbol 'free' defined in 'libucrt.lib(free.obj)' is imported by 'fltk.lib(Fl_System_Driver.obj)' [D:\a\chess-clock\chess-clock\build\chess_clock.vcxproj]
LINK : warning LNK4286: symbol 'free' defined in 'libucrt.lib(free.obj)' is imported by 'fltk.lib(filename_list.obj)' [D:\a\chess-clock\chess-clock\build\chess_clock.vcxproj]
LINK : warning LNK4286: symbol 'free' defined in 'libucrt.lib(free.obj)' is imported by 'fltk.lib(Fl_GDI_Graphics_Driver.obj)' [D:\a\chess-clock\chess-clock\build\chess_clock.vcxproj]
LINK : warning LNK4286: symbol 'free' defined in 'libucrt.lib(free.obj)' is imported by 'fltk.lib(fl_encoding_mac_roman.obj)' [D:\a\chess-clock\chess-clock\build\chess_clock.vcxproj]
LINK : warning LNK4286: symbol 'free' defined in 'libucrt.lib(free.obj)' is imported by 'fltk.lib(Fl_Menu_.obj)' [D:\a\chess-clock\chess-clock\build\chess_clock.vcxproj]
LINK : warning LNK4286: symbol 'free' defined in 'libucrt.lib(free.obj)' is imported by 'fltk.lib(Fl_Preferences.obj)' [D:\a\chess-clock\chess-clock\build\chess_clock.vcxproj]
LINK : warning LNK4286: symbol 'free' defined in 'libucrt.lib(free.obj)' is imported by 'fltk.lib(Fl_Tooltip.obj)' [D:\a\chess-clock\chess-clock\build\chess_clock.vcxproj]
LINK : warning LNK4286: symbol 'free' defined in 'libucrt.lib(free.obj)' is imported by 'fltk.lib(fl_utf8.obj)' [D:\a\chess-clock\chess-clock\build\chess_clock.vcxproj]
LINK : warning LNK4286: symbol 'free' defined in 'libucrt.lib(free.obj)' is imported by 'fltk.lib(Fl_Menu.obj)' [D:\a\chess-clock\chess-clock\build\chess_clock.vcxproj]
LINK : warning LNK4286: symbol 'free' defined in 'libucrt.lib(free.obj)' is imported by 'fltk.lib(Fl_Graphics_Driver.obj)' [D:\a\chess-clock\chess-clock\build\chess_clock.vcxproj]
LINK : warning LNK4286: symbol 'free' defined in 'libucrt.lib(free.obj)' is imported by 'fltk.lib(Fl_Input_.obj)' [D:\a\chess-clock\chess-clock\build\chess_clock.vcxproj]
LINK : warning LNK4286: symbol 'free' defined in 'libucrt.lib(free.obj)' is imported by 'fltk.lib(Fl_Menu_add.obj)' [D:\a\chess-clock\chess-clock\build\chess_clock.vcxproj]
LINK : warning LNK4217: symbol 'free' defined in 'libucrt.lib(free.obj)' is imported by 'fltk.lib(Fl_get_system_colors.obj)' in function '"public: static int __cdecl Fl::scheme(char const *)" (?scheme@Fl@@SAHPEBD@Z)' [D:\a\chess-clock\chess-clock\build\chess_clock.vcxproj]
LINK : warning LNK4286: symbol 'free' defined in 'libucrt.lib(free.obj)' is imported by 'fltk.lib(Fl_Widget.obj)' [D:\a\chess-clock\chess-clock\build\chess_clock.vcxproj]
LINK : warning LNK4286: symbol 'free' defined in 'libucrt.lib(free.obj)' is imported by 'fltk.lib(Fl_Group.obj)' [D:\a\chess-clock\chess-clock\build\chess_clock.vcxproj]
LINK : warning LNK4286: symbol 'free' defined in 'libucrt.lib(free.obj)' is imported by 'fltk.lib(Fl_Window.obj)' [D:\a\chess-clock\chess-clock\build\chess_clock.vcxproj]
LINK : warning LNK4217: symbol 'isalpha' defined in 'libucrt.lib(_ctype.obj)' is imported by 'fltk.lib(Fl.obj)' in function '"public: static int __cdecl Fl::handle_(int,class Fl_Window *)" (?handle_@Fl@@SAHHPEAVFl_Window@@@Z)' [D:\a\chess-clock\chess-clock\build\chess_clock.vcxproj]
LINK : warning LNK4286: symbol 'isalpha' defined in 'libucrt.lib(_ctype.obj)' is imported by 'fltk.lib(fl_shortcut.obj)' [D:\a\chess-clock\chess-clock\build\chess_clock.vcxproj]
LINK : warning LNK4286: symbol 'isalpha' defined in 'libucrt.lib(_ctype.obj)' is imported by 'fltk.lib(Fl_WinAPI_System_Driver.obj)' [D:\a\chess-clock\chess-clock\build\chess_clock.vcxproj]
LINK : warning LNK4286: symbol 'isalpha' defined in 'libucrt.lib(_ctype.obj)' is imported by 'fltk.lib(scandir_win32.obj)' [D:\a\chess-clock\chess-clock\build\chess_clock.vcxproj]
LINK : warning LNK4217: symbol 'isupper' defined in 'libucrt.lib(_ctype.obj)' is imported by 'fltk.lib(Fl.obj)' in function '"public: static int __cdecl Fl::handle_(int,class Fl_Window *)" (?handle_@Fl@@SAHHPEAVFl_Window@@@Z)' [D:\a\chess-clock\chess-clock\build\chess_clock.vcxproj]
LINK : warning LNK4286: symbol 'isupper' defined in 'libucrt.lib(_ctype.obj)' is imported by 'fltk.lib(Fl_XPM_Image.obj)' [D:\a\chess-clock\chess-clock\build\chess_clock.vcxproj]
LINK : warning LNK4217: symbol 'toupper' defined in 'libucrt.lib(tolower_toupper.obj)' is imported by 'fltk.lib(Fl.obj)' in function '"public: static int __cdecl Fl::handle_(int,class Fl_Window *)" (?handle_@Fl@@SAHHPEAVFl_Window@@@Z)' [D:\a\chess-clock\chess-clock\build\chess_clock.vcxproj]
LINK : warning LNK4286: symbol 'toupper' defined in 'libucrt.lib(tolower_toupper.obj)' is imported by 'fltk.lib(fl_shortcut.obj)' [D:\a\chess-clock\chess-clock\build\chess_clock.vcxproj]
LINK : warning LNK4286: symbol 'tolower' defined in 'libucrt.lib(tolower_toupper.obj)' is imported by 'fltk.lib(Fl_WinAPI_System_Driver.obj)' [D:\a\chess-clock\chess-clock\build\chess_clock.vcxproj]
LINK : warning LNK4286: symbol 'tolower' defined in 'libucrt.lib(tolower_toupper.obj)' is imported by 'fltk.lib(Fl_win32.obj)' [D:\a\chess-clock\chess-clock\build\chess_clock.vcxproj]
LINK : warning LNK4217: symbol 'tolower' defined in 'libucrt.lib(tolower_toupper.obj)' is imported by 'fltk.lib(Fl.obj)' in function '"public: static int __cdecl Fl::handle_(int,class Fl_Window *)" (?handle_@Fl@@SAHHPEAVFl_Window@@@Z)' [D:\a\chess-clock\chess-clock\build\chess_clock.vcxproj]
LINK : warning LNK4286: symbol 'tolower' defined in 'libucrt.lib(tolower_toupper.obj)' is imported by 'fltk.lib(Fl_arg.obj)' [D:\a\chess-clock\chess-clock\build\chess_clock.vcxproj]
LINK : warning LNK4286: symbol 'tolower' defined in 'libucrt.lib(tolower_toupper.obj)' is imported by 'fltk.lib(Fl_Preferences.obj)' [D:\a\chess-clock\chess-clock\build\chess_clock.vcxproj]
LINK : warning LNK4286: symbol 'tolower' defined in 'libucrt.lib(tolower_toupper.obj)' is imported by 'fltk.lib(filename_match.obj)' [D:\a\chess-clock\chess-clock\build\chess_clock.vcxproj]
LINK : warning LNK4286: symbol 'realloc' defined in 'libucrt.lib(realloc.obj)' is imported by 'fltk.lib(fl_set_font.obj)' [D:\a\chess-clock\chess-clock\build\chess_clock.vcxproj]
LINK : warning LNK4286: symbol 'realloc' defined in 'libucrt.lib(realloc.obj)' is imported by 'fltk.lib(Fl_Text_Buffer.obj)' [D:\a\chess-clock\chess-clock\build\chess_clock.vcxproj]
LINK : warning LNK4286: symbol 'realloc' defined in 'libucrt.lib(realloc.obj)' is imported by 'fltk.lib(Fl_GDI_Graphics_Driver_font.obj)' [D:\a\chess-clock\chess-clock\build\chess_clock.vcxproj]
LINK : warning LNK4286: symbol 'realloc' defined in 'libucrt.lib(realloc.obj)' is imported by 'fltk.lib(fl_dnd_win32.obj)' [D:\a\chess-clock\chess-clock\build\chess_clock.vcxproj]
LINK : warning LNK4286: symbol 'realloc' defined in 'libucrt.lib(realloc.obj)' is imported by 'fltk.lib(Fl_String.obj)' [D:\a\chess-clock\chess-clock\build\chess_clock.vcxproj]
LINK : warning LNK4286: symbol 'realloc' defined in 'libucrt.lib(realloc.obj)' is imported by 'fltk.lib(Fl_Native_File_Chooser_WIN32.obj)' [D:\a\chess-clock\chess-clock\build\chess_clock.vcxproj]
LINK : warning LNK4286: symbol 'realloc' defined in 'libucrt.lib(realloc.obj)' is imported by 'fltk.lib(Fl_WinAPI_System_Driver.obj)' [D:\a\chess-clock\chess-clock\build\chess_clock.vcxproj]
LINK : warning LNK4217: symbol 'realloc' defined in 'libucrt.lib(realloc.obj)' is imported by 'fltk.lib(Fl_win32.obj)' in function '"public: virtual void __cdecl Fl_WinAPI_Window_Driver::makeWindow(void)" (?makeWindow@Fl_WinAPI_Window_Driver@@UEAAXXZ)' [D:\a\chess-clock\chess-clock\build\chess_clock.vcxproj]
LINK : warning LNK4286: symbol 'realloc' defined in 'libucrt.lib(realloc.obj)' is imported by 'fltk.lib(Fl_WinAPI_Window_Driver.obj)' [D:\a\chess-clock\chess-clock\build\chess_clock.vcxproj]
LINK : warning LNK4286: symbol 'realloc' defined in 'libucrt.lib(realloc.obj)' is imported by 'fltk.lib(Fl_Message.obj)' [D:\a\chess-clock\chess-clock\build\chess_clock.vcxproj]
LINK : warning LNK4286: symbol 'realloc' defined in 'libucrt.lib(realloc.obj)' is imported by 'fltk.lib(Fl_Input_.obj)' [D:\a\chess-clock\chess-clock\build\chess_clock.vcxproj]
LINK : warning LNK4286: symbol 'realloc' defined in 'libucrt.lib(realloc.obj)' is imported by 'fltk.lib(Fl_Preferences.obj)' [D:\a\chess-clock\chess-clock\build\chess_clock.vcxproj]
LINK : warning LNK4286: symbol 'realloc' defined in 'libucrt.lib(realloc.obj)' is imported by 'fltk.lib(Fl_Image_Surface.obj)' [D:\a\chess-clock\chess-clock\build\chess_clock.vcxproj]
LINK : warning LNK4286: symbol 'realloc' defined in 'libucrt.lib(realloc.obj)' is imported by 'fltk.lib(Fl_GDI_Graphics_Driver.obj)' [D:\a\chess-clock\chess-clock\build\chess_clock.vcxproj]
LINK : warning LNK4217: symbol 'realloc' defined in 'libucrt.lib(realloc.obj)' is imported by 'fltk.lib(Fl.obj)' in function '"public: __cdecl Fl_Widget_Tracker::Fl_Widget_Tracker(class Fl_Widget *)" (??0Fl_Widget_Tracker@@QEAA@PEAVFl_Widget@@@Z)' [D:\a\chess-clock\chess-clock\build\chess_clock.vcxproj]
LINK : warning LNK4286: symbol 'realloc' defined in 'libucrt.lib(realloc.obj)' is imported by 'fltk.lib(Fl_Group.obj)' [D:\a\chess-clock\chess-clock\build\chess_clock.vcxproj]
LINK : warning LNK4286: symbol 'realloc' defined in 'libucrt.lib(realloc.obj)' is imported by 'fltk.lib(fl_draw.obj)' [D:\a\chess-clock\chess-clock\build\chess_clock.vcxproj]
LINK : warning LNK4286: symbol 'realloc' defined in 'libucrt.lib(realloc.obj)' is imported by 'fltk.lib(Fl_Graphics_Driver.obj)' [D:\a\chess-clock\chess-clock\build\chess_clock.vcxproj]
LINK : warning LNK4286: symbol 'malloc' defined in 'libucrt.lib(malloc.obj)' is imported by 'fltk.lib(fl_call_main.obj)' [D:\a\chess-clock\chess-clock\build\chess_clock.vcxproj]
LINK : warning LNK4286: symbol 'malloc' defined in 'libucrt.lib(malloc.obj)' is imported by 'fltk.lib(Fl_lock.obj)' [D:\a\chess-clock\chess-clock\build\chess_clock.vcxproj]
LINK : warning LNK4286: symbol 'malloc' defined in 'libucrt.lib(malloc.obj)' is imported by 'fltk.lib(Fl_Native_File_Chooser_WIN32.obj)' [D:\a\chess-clock\chess-clock\build\chess_clock.vcxproj]
LINK : warning LNK4286: symbol 'malloc' defined in 'libucrt.lib(malloc.obj)' is imported by 'fltk.lib(fl_set_font.obj)' [D:\a\chess-clock\chess-clock\build\chess_clock.vcxproj]
LINK : warning LNK4217: symbol 'malloc' defined in 'libucrt.lib(malloc.obj)' is imported by 'fltk.lib(Fl_Text_Buffer.obj)' in function '"public: char * __cdecl Fl_Text_Buffer::line_text(int)const " (?line_text@Fl_Text_Buffer@@QEBAPEADH@Z)' [D:\a\chess-clock\chess-clock\build\chess_clock.vcxproj]
LINK : warning LNK4286: symbol 'malloc' defined in 'libucrt.lib(malloc.obj)' is imported by 'fltk.lib(fl_dnd_win32.obj)' [D:\a\chess-clock\chess-clock\build\chess_clock.vcxproj]
LINK : warning LNK4286: symbol 'malloc' defined in 'libucrt.lib(malloc.obj)' is imported by 'fltk.lib(Fl_Browser.obj)' [D:\a\chess-clock\chess-clock\build\chess_clock.vcxproj]
LINK : warning LNK4286: symbol 'malloc' defined in 'libucrt.lib(malloc.obj)' is imported by 'fltk.lib(Fl_String.obj)' [D:\a\chess-clock\chess-clock\build\chess_clock.vcxproj]
LINK : warning LNK4286: symbol 'malloc' defined in 'libucrt.lib(malloc.obj)' is imported by 'fltk.lib(scandir_win32.obj)' [D:\a\chess-clock\chess-clock\build\chess_clock.vcxproj]
LINK : warning LNK4286: symbol 'malloc' defined in 'libucrt.lib(malloc.obj)' is imported by 'fltk.lib(Fl_win32.obj)' [D:\a\chess-clock\chess-clock\build\chess_clock.vcxproj]
LINK : warning LNK4217: symbol 'malloc' defined in 'libucrt.lib(malloc.obj)' is imported by 'fltk.lib(Fl_WinAPI_Window_Driver.obj)' in function '"public: virtual int __cdecl Fl_WinAPI_Window_Driver::scroll(int,int,int,int,int,int,void (__cdecl*)(void *,int,int,int,int),void *)" (?scroll@Fl_WinAPI_Window_Driver@@UEAAHHHHHHHP6AXPEAXHHHH@Z0@Z)' [D:\a\chess-clock\chess-clock\build\chess_clock.vcxproj]
LINK : warning LNK4286: symbol 'malloc' defined in 'libucrt.lib(malloc.obj)' is imported by 'fltk.lib(case.obj)' [D:\a\chess-clock\chess-clock\build\chess_clock.vcxproj]
LINK : warning LNK4286: symbol 'malloc' defined in 'libucrt.lib(malloc.obj)' is imported by 'fltk.lib(Fl_GDI_Graphics_Driver_font.obj)' [D:\a\chess-clock\chess-clock\build\chess_clock.vcxproj]
LINK : warning LNK4286: symbol 'malloc' defined in 'libucrt.lib(malloc.obj)' is imported by 'fltk.lib(fl_draw_pixmap.obj)' [D:\a\chess-clock\chess-clock\build\chess_clock.vcxproj]
LINK : warning LNK4217: symbol 'malloc' defined in 'libucrt.lib(malloc.obj)' is imported by 'fltk.lib(Fl_GDI_Graphics_Driver.obj)' in function '"public: virtual char __cdecl Fl_GDI_Graphics_Driver::can_do_alpha_blending(void)" (?can_do_alpha_blending@Fl_GDI_Graphics_Driver@@UEAADXZ)' [D:\a\chess-clock\chess-clock\build\chess_clock.vcxproj]
LINK : warning LNK4286: symbol 'malloc' defined in 'libucrt.lib(malloc.obj)' is imported by 'fltk.lib(fl_encoding_mac_roman.obj)' [D:\a\chess-clock\chess-clock\build\chess_clock.vcxproj]
LINK : warning LNK4286: symbol 'malloc' defined in 'libucrt.lib(malloc.obj)' is imported by 'fltk.lib(Fl_WinAPI_System_Driver.obj)' [D:\a\chess-clock\chess-clock\build\chess_clock.vcxproj]
LINK : warning LNK4217: symbol 'malloc' defined in 'libucrt.lib(malloc.obj)' is imported by 'fltk.lib(Fl_Input.obj)' in function '"protected: virtual void __cdecl Fl_Input::draw(void)" (?draw@Fl_Input@@MEAAXXZ)' [D:\a\chess-clock\chess-clock\build\chess_clock.vcxproj]
LINK : warning LNK4286: symbol 'malloc' defined in 'libucrt.lib(malloc.obj)' is imported by 'fltk.lib(Fl_Preferences.obj)' [D:\a\chess-clock\chess-clock\build\chess_clock.vcxproj]
LINK : warning LNK4286: symbol 'malloc' defined in 'libucrt.lib(malloc.obj)' is imported by 'fltk.lib(fl_utf8.obj)' [D:\a\chess-clock\chess-clock\build\chess_clock.vcxproj]
LINK : warning LNK4286: symbol 'malloc' defined in 'libucrt.lib(malloc.obj)' is imported by 'fltk.lib(Fl_System_Driver.obj)' [D:\a\chess-clock\chess-clock\build\chess_clock.vcxproj]
LINK : warning LNK4217: symbol 'malloc' defined in 'libucrt.lib(malloc.obj)' is imported by 'fltk.lib(Fl_Group.obj)' in function '"public: void __cdecl Fl_Group::insert(class Fl_Widget &,int)" (?insert@Fl_Group@@QEAAXAEAVFl_Widget@@H@Z)' [D:\a\chess-clock\chess-clock\build\chess_clock.vcxproj]
LINK : warning LNK4286: symbol 'malloc' defined in 'libucrt.lib(malloc.obj)' is imported by 'fltk.lib(Fl_Menu.obj)' [D:\a\chess-clock\chess-clock\build\chess_clock.vcxproj]
LINK : warning LNK4286: symbol 'malloc' defined in 'libucrt.lib(malloc.obj)' is imported by 'fltk.lib(fl_draw.obj)' [D:\a\chess-clock\chess-clock\build\chess_clock.vcxproj]
LINK : warning LNK4217: symbol 'malloc' defined in 'libucrt.lib(malloc.obj)' is imported by 'fltk.lib(Fl_Input_.obj)' in function '"protected: void __cdecl Fl_Input_::drawtext(int,int,int,int,bool)" (?drawtext@Fl_Input_@@IEAAXHHHH_N@Z)' [D:\a\chess-clock\chess-clock\build\chess_clock.vcxproj]
LINK : warning LNK4286: symbol 'isspace' defined in 'libucrt.lib(_ctype.obj)' is imported by 'fltk.lib(fl_draw_pixmap.obj)' [D:\a\chess-clock\chess-clock\build\chess_clock.vcxproj]
LINK : warning LNK4217: symbol 'isspace' defined in 'libucrt.lib(_ctype.obj)' is imported by 'fltk.lib(fl_draw.obj)' in function '"void __cdecl fl_draw(char const *,int,int,int,int,unsigned int,void (__cdecl*)(char const *,int,int,int),class Fl_Image *,int,int)" (?fl_draw@@YAXPEBDHHHHIP6AX0HHH@ZPEAVFl_Image@@HH@Z)' [D:\a\chess-clock\chess-clock\build\chess_clock.vcxproj]
LINK : warning LNK4286: symbol 'isspace' defined in 'libucrt.lib(_ctype.obj)' is imported by 'fltk.lib(Fl_Input_.obj)' [D:\a\chess-clock\chess-clock\build\chess_clock.vcxproj]
LINK : warning LNK4286: symbol 'isspace' defined in 'libucrt.lib(_ctype.obj)' is imported by 'fltk.lib(Fl_Input.obj)' [D:\a\chess-clock\chess-clock\build\chess_clock.vcxproj]
LINK : warning LNK4286: symbol 'isspace' defined in 'libucrt.lib(_ctype.obj)' is imported by 'fltk.lib(Fl_Pixmap.obj)' [D:\a\chess-clock\chess-clock\build\chess_clock.vcxproj]
LINK : warning LNK4286: symbol 'isdigit' defined in 'libucrt.lib(_ctype.obj)' is imported by 'fltk.lib(Fl_XPM_Image.obj)' [D:\a\chess-clock\chess-clock\build\chess_clock.vcxproj]
LINK : warning LNK4286: symbol 'isdigit' defined in 'libucrt.lib(_ctype.obj)' is imported by 'fltk.lib(vsnprintf.obj)' [D:\a\chess-clock\chess-clock\build\chess_clock.vcxproj]
LINK : warning LNK4286: symbol 'isdigit' defined in 'libucrt.lib(_ctype.obj)' is imported by 'fltk.lib(Fl_Valuator.obj)' [D:\a\chess-clock\chess-clock\build\chess_clock.vcxproj]
LINK : warning LNK4217: symbol 'isdigit' defined in 'libucrt.lib(_ctype.obj)' is imported by 'fltk.lib(Fl_Input_.obj)' in function '"protected: int __cdecl Fl_Input_::handletext(int,int,int,int,int)" (?handletext@Fl_Input_@@IEAAHHHHHH@Z)' [D:\a\chess-clock\chess-clock\build\chess_clock.vcxproj]
LINK : warning LNK4286: symbol 'isdigit' defined in 'libucrt.lib(_ctype.obj)' is imported by 'fltk.lib(Fl_Preferences.obj)' [D:\a\chess-clock\chess-clock\build\chess_clock.vcxproj]
LINK : warning LNK4286: symbol 'isdigit' defined in 'libucrt.lib(_ctype.obj)' is imported by 'fltk.lib(numericsort.obj)' [D:\a\chess-clock\chess-clock\build\chess_clock.vcxproj]
LINK : warning LNK4286: symbol 'isdigit' defined in 'libucrt.lib(_ctype.obj)' is imported by 'fltk.lib(Fl_Browser.obj)' [D:\a\chess-clock\chess-clock\build\chess_clock.vcxproj]
LINK : warning LNK4217: symbol 'isxdigit' defined in 'libucrt.lib(_ctype.obj)' is imported by 'fltk.lib(Fl_Input_.obj)' in function '"protected: int __cdecl Fl_Input_::handletext(int,int,int,int,int)" (?handletext@Fl_Input_@@IEAAHHHHHH@Z)' [D:\a\chess-clock\chess-clock\build\chess_clock.vcxproj]
LINK : warning LNK4217: symbol 'isalnum' defined in 'libucrt.lib(_ctype.obj)' is imported by 'fltk.lib(Fl_Input_.obj)' in function '"int __cdecl isword(char)" (?isword@@YAHD@Z)' [D:\a\chess-clock\chess-clock\build\chess_clock.vcxproj]
LINK : warning LNK4286: symbol 'isalnum' defined in 'libucrt.lib(_ctype.obj)' is imported by 'fltk.lib(Fl_Text_Buffer.obj)' [D:\a\chess-clock\chess-clock\build\chess_clock.vcxproj]
LINK : warning LNK4217: symbol 'atoi' defined in 'libucrt.lib(atox.obj)' is imported by 'fltk.lib(Fl_Input_.obj)' in function '"public: int __cdecl Fl_Input_::ivalue(void)const " (?ivalue@Fl_Input_@@QEBAHXZ)' [D:\a\chess-clock\chess-clock\build\chess_clock.vcxproj]
LINK : warning LNK4286: symbol 'atoi' defined in 'libucrt.lib(atox.obj)' is imported by 'fltk.lib(Fl_Preferences.obj)' [D:\a\chess-clock\chess-clock\build\chess_clock.vcxproj]
LINK : warning LNK4217: symbol 'localeconv' defined in 'libucrt.lib(localeconv.obj)' is imported by 'fltk.lib(Fl_Input.obj)' in function '"protected: int __cdecl Fl_Input::handle_key(void)" (?handle_key@Fl_Input@@IEAAHXZ)' [D:\a\chess-clock\chess-clock\build\chess_clock.vcxproj]
LINK : warning LNK4286: symbol 'fclose' defined in 'libucrt.lib(fclose.obj)' is imported by 'fltk.lib(Fl_Text_Buffer.obj)' [D:\a\chess-clock\chess-clock\build\chess_clock.vcxproj]
LINK : warning LNK4217: symbol 'fclose' defined in 'libucrt.lib(fclose.obj)' is imported by 'fltk.lib(Fl_Preferences.obj)' in function '"public: int __cdecl Fl_Preferences::RootNode::read(void)" (?read@RootNode@Fl_Preferences@@QEAAHXZ)' [D:\a\chess-clock\chess-clock\build\chess_clock.vcxproj]
LINK : warning LNK4286: symbol 'fclose' defined in 'libucrt.lib(fclose.obj)' is imported by 'fltk.lib(Fl_Shared_Image.obj)' [D:\a\chess-clock\chess-clock\build\chess_clock.vcxproj]
LINK : warning LNK4286: symbol 'fclose' defined in 'libucrt.lib(fclose.obj)' is imported by 'fltk.lib(Fl_XBM_Image.obj)' [D:\a\chess-clock\chess-clock\build\chess_clock.vcxproj]
LINK : warning LNK4286: symbol 'fclose' defined in 'libucrt.lib(fclose.obj)' is imported by 'fltk.lib(Fl_XPM_Image.obj)' [D:\a\chess-clock\chess-clock\build\chess_clock.vcxproj]
LINK : warning LNK4217: symbol 'fputc' defined in 'libucrt.lib(fputc.obj)' is imported by 'fltk.lib(Fl_Preferences.obj)' in function '"public: int __cdecl Fl_Preferences::Node::write(struct _iobuf *)" (?write@Node@Fl_Preferences@@QEAAHPEAU_iobuf@@@Z)' [D:\a\chess-clock\chess-clock\build\chess_clock.vcxproj]
LINK : warning LNK4286: symbol 'fputc' defined in 'libucrt.lib(fputc.obj)' is imported by 'fltk.lib(Fl_System_Driver.obj)' [D:\a\chess-clock\chess-clock\build\chess_clock.vcxproj]
LINK : warning LNK4217: symbol 'fwrite' defined in 'libucrt.lib(fwrite.obj)' is imported by 'fltk.lib(Fl_Preferences.obj)' in function '"public: int __cdecl Fl_Preferences::Node::write(struct _iobuf *)" (?write@Node@Fl_Preferences@@QEAAHPEAU_iobuf@@@Z)' [D:\a\chess-clock\chess-clock\build\chess_clock.vcxproj]
LINK : warning LNK4286: symbol 'fwrite' defined in 'libucrt.lib(fwrite.obj)' is imported by 'fltk.lib(Fl_Text_Buffer.obj)' [D:\a\chess-clock\chess-clock\build\chess_clock.vcxproj]
LINK : warning LNK4286: symbol '__stdio_common_vfprintf' defined in 'libucrt.lib(output.obj)' is imported by 'fltk.lib(Fl_String.obj)' [D:\a\chess-clock\chess-clock\build\chess_clock.vcxproj]
LINK : warning LNK4217: symbol '__stdio_common_vfprintf' defined in 'libucrt.lib(output.obj)' is imported by 'fltk.lib(Fl_Preferences.obj)' in function '_vfprintf_l' [D:\a\chess-clock\chess-clock\build\chess_clock.vcxproj]
LINK : warning LNK4286: symbol '__stdio_common_vfprintf' defined in 'libucrt.lib(output.obj)' is imported by 'fltk.lib(Fl_Device.obj)' [D:\a\chess-clock\chess-clock\build\chess_clock.vcxproj]
LINK : warning LNK4286: symbol '__stdio_common_vfprintf' defined in 'libucrt.lib(output.obj)' is imported by 'fltk.lib(Fl_System_Driver.obj)' [D:\a\chess-clock\chess-clock\build\chess_clock.vcxproj]
LINK : warning LNK4217: symbol '__stdio_common_vfprintf' defined in 'libucrt.lib(output.obj)' is imported by 'fltk.lib(Fl_WinAPI_System_Driver.obj)' in function '"public: virtual int __cdecl Fl_WinAPI_System_Driver::open_uri(char const *,char *,int)" (?open_uri@Fl_WinAPI_System_Driver@@UEAAHPEBDPEADH@Z)' [D:\a\chess-clock\chess-clock\build\chess_clock.vcxproj]
LINK : warning LNK4217: symbol 'strcspn' defined in 'libucrt.lib(strcspn.obj)' is imported by 'fltk.lib(Fl_Preferences.obj)' in function '"public: int __cdecl Fl_Preferences::RootNode::read(void)" (?read@RootNode@Fl_Preferences@@QEAAHXZ)' [D:\a\chess-clock\chess-clock\build\chess_clock.vcxproj]
LINK : warning LNK4217: symbol '__acrt_iob_func' defined in 'libucrt.lib(_file.obj)' is imported by 'fltk.lib(Fl_Device.obj)' in function '"public: static void __cdecl Fl_Surface_Device::push_current(class Fl_Surface_Device *)" (?push_current@Fl_Surface_Device@@SAXPEAV1@@Z)' [D:\a\chess-clock\chess-clock\build\chess_clock.vcxproj]
LINK : warning LNK4286: symbol '__acrt_iob_func' defined in 'libucrt.lib(_file.obj)' is imported by 'fltk.lib(Fl_System_Driver.obj)' [D:\a\chess-clock\chess-clock\build\chess_clock.vcxproj]
LINK : warning LNK4286: symbol '__acrt_iob_func' defined in 'libucrt.lib(_file.obj)' is imported by 'fltk.lib(Fl_String.obj)' [D:\a\chess-clock\chess-clock\build\chess_clock.vcxproj]
LINK : warning LNK4217: symbol 'strtol' defined in 'libucrt.lib(strtox.obj)' is imported by 'fltk.lib(fl_shortcut.obj)' in function '"unsigned int __cdecl fl_old_shortcut(char const *)" (?fl_old_shortcut@@YAIPEBD@Z)' [D:\a\chess-clock\chess-clock\build\chess_clock.vcxproj]
LINK : warning LNK4286: symbol 'strtol' defined in 'libucrt.lib(strtox.obj)' is imported by 'fltk.lib(Fl_Browser.obj)' [D:\a\chess-clock\chess-clock\build\chess_clock.vcxproj]
LINK : warning LNK4217: symbol 'fflush' defined in 'libucrt.lib(fflush.obj)' is imported by 'fltk.lib(Fl_System_Driver.obj)' in function '"public: virtual void __cdecl Fl_System_Driver::error(char const *,char *)" (?error@Fl_System_Driver@@UEAAXPEBDPEAD@Z)' [D:\a\chess-clock\chess-clock\build\chess_clock.vcxproj]
LINK : warning LNK4217: symbol 'fopen' defined in 'libucrt.lib(fopen.obj)' is imported by 'fltk.lib(Fl_System_Driver.obj)' in function '"public: virtual struct _iobuf * __cdecl Fl_System_Driver::fopen(char const *,char const *)" (?fopen@Fl_System_Driver@@UEAAPEAU_iobuf@@PEBD0@Z)' [D:\a\chess-clock\chess-clock\build\chess_clock.vcxproj]
LINK : warning LNK4217: symbol 'exit' defined in 'libucrt.lib(exit.obj)' is imported by 'fltk.lib(Fl_System_Driver.obj)' in function '"public: virtual void __cdecl Fl_System_Driver::fatal(char const *,char *)" (?fatal@Fl_System_Driver@@UEAAXPEBDPEAD@Z)' [D:\a\chess-clock\chess-clock\build\chess_clock.vcxproj]
LINK : warning LNK4217: symbol 'exit' defined in 'libucrt.lib(exit.obj)' is imported by 'fltk.lib(Fl_WinAPI_System_Driver.obj)' in function '"public: virtual int __cdecl Fl_WinAPI_System_Driver::access(char const *,int)" (?access@Fl_WinAPI_System_Driver@@UEAAHPEBDH@Z)' [D:\a\chess-clock\chess-clock\build\chess_clock.vcxproj]
LINK : warning LNK4217: symbol 'mbstowcs' defined in 'libucrt.lib(mbstowcs.obj)' is imported by 'fltk.lib(Fl_System_Driver.obj)' in function '"public: virtual unsigned int __cdecl Fl_System_Driver::utf8from_mb(char *,unsigned int,char const *,unsigned int)" (?utf8from_mb@Fl_System_Driver@@UEAAIPEADIPEBDI@Z)' [D:\a\chess-clock\chess-clock\build\chess_clock.vcxproj]
LINK : warning LNK4217: symbol 'wcstombs' defined in 'libucrt.lib(wcstombs.obj)' is imported by 'fltk.lib(Fl_System_Driver.obj)' in function '"public: virtual unsigned int __cdecl Fl_System_Driver::utf8to_mb(char const *,unsigned int,char *,unsigned int)" (?utf8to_mb@Fl_System_Driver@@UEAAIPEBDIPEADI@Z)' [D:\a\chess-clock\chess-clock\build\chess_clock.vcxproj]
LINK : warning LNK4217: symbol 'wcstombs' defined in 'libucrt.lib(wcstombs.obj)' is imported by 'fltk.lib(Fl_WinAPI_System_Driver.obj)' in function '"public: virtual char * __cdecl Fl_WinAPI_System_Driver::getcwd(char *,int)" (?getcwd@Fl_WinAPI_System_Driver@@UEAAPEADPEADH@Z)' [D:\a\chess-clock\chess-clock\build\chess_clock.vcxproj]
LINK : warning LNK4217: symbol '_wfopen' defined in 'libucrt.lib(fopen.obj)' is imported by 'fltk.lib(Fl_WinAPI_System_Driver.obj)' in function '"public: virtual struct _iobuf * __cdecl Fl_WinAPI_System_Driver::fopen(char const *,char const *)" (?fopen@Fl_WinAPI_System_Driver@@UEAAPEAU_iobuf@@PEBD0@Z)' [D:\a\chess-clock\chess-clock\build\chess_clock.vcxproj]
LINK : warning LNK4217: symbol 'calloc' defined in 'libucrt.lib(calloc.obj)' is imported by 'fltk.lib(Fl_WinAPI_System_Driver.obj)' in function '"public: virtual int __cdecl Fl_WinAPI_System_Driver::execvp(char const *,char * const *)" (?execvp@Fl_WinAPI_System_Driver@@UEAAHPEBDPEBQEAD@Z)' [D:\a\chess-clock\chess-clock\build\chess_clock.vcxproj]
LINK : warning LNK4286: symbol 'calloc' defined in 'libucrt.lib(calloc.obj)' is imported by 'fltk.lib(Fl_GDI_Image_Surface_Driver.obj)' [D:\a\chess-clock\chess-clock\build\chess_clock.vcxproj]
LINK : warning LNK4286: symbol 'calloc' defined in 'libucrt.lib(calloc.obj)' is imported by 'fltk.lib(scandir_win32.obj)' [D:\a\chess-clock\chess-clock\build\chess_clock.vcxproj]
LINK : warning LNK4217: symbol '_wgetenv' defined in 'libucrt.lib(getenv.obj)' is imported by 'fltk.lib(Fl_WinAPI_System_Driver.obj)' in function '"public: virtual char * __cdecl Fl_WinAPI_System_Driver::getenv(char const *)" (?getenv@Fl_WinAPI_System_Driver@@UEAAPEADPEBD@Z)' [D:\a\chess-clock\chess-clock\build\chess_clock.vcxproj]
LINK : warning LNK4217: symbol '_wsopen_dispatch' defined in 'libucrt.lib(open.obj)' is imported by 'fltk.lib(Fl_WinAPI_System_Driver.obj)' in function '"int __cdecl _wopen(wchar_t const *,int,int)" (?_wopen@@YAHPEB_WHH@Z)' [D:\a\chess-clock\chess-clock\build\chess_clock.vcxproj]
LINK : warning LNK4217: symbol 'setlocale' defined in 'libucrt.lib(setlocale.obj)' is imported by 'fltk.lib(Fl_WinAPI_System_Driver.obj)' in function '"public: virtual int __cdecl Fl_WinAPI_System_Driver::clocale_vsscanf(char const *,char const *,char *)" (?clocale_vsscanf@Fl_WinAPI_System_Driver@@UEAAHPEBD0PEAD@Z)' [D:\a\chess-clock\chess-clock\build\chess_clock.vcxproj]
LINK : warning LNK4217: symbol '_create_locale' defined in 'libucrt.lib(wsetlocale.obj)' is imported by 'fltk.lib(Fl_WinAPI_System_Driver.obj)' in function '"public: virtual int __cdecl Fl_WinAPI_System_Driver::clocale_vprintf(struct _iobuf *,char const *,char *)" (?clocale_vprintf@Fl_WinAPI_System_Driver@@UEAAHPEAU_iobuf@@PEBDPEAD@Z)' [D:\a\chess-clock\chess-clock\build\chess_clock.vcxproj]
LINK : warning LNK4217: symbol '_close' defined in 'libucrt.lib(close.obj)' is imported by 'fltk.lib(Fl_WinAPI_System_Driver.obj)' in function '"public: virtual int __cdecl Fl_WinAPI_System_Driver::close_fd(int)" (?close_fd@Fl_WinAPI_System_Driver@@UEAAHH@Z)' [D:\a\chess-clock\chess-clock\build\chess_clock.vcxproj]
LINK : warning LNK4217: symbol 'atol' defined in 'libucrt.lib(atox.obj)' is imported by 'fltk.lib(Fl_win32.obj)' in function '"void __cdecl fl_get_codepage(void)" (?fl_get_codepage@@YAXXZ)' [D:\a\chess-clock\chess-clock\build\chess_clock.vcxproj]
LINK : warning LNK4217: symbol 'raise' defined in 'libucrt.lib(signal.obj)' is imported by 'fltk.lib(Fl_win32.obj)' in function '"public: virtual double __cdecl Fl_WinAPI_System_Driver::wait(double)" (?wait@Fl_WinAPI_System_Driver@@UEAANN@Z)' [D:\a\chess-clock\chess-clock\build\chess_clock.vcxproj]
LINK : warning LNK4217: symbol 'fread' defined in 'libucrt.lib(fread.obj)' is imported by 'fltk.lib(Fl_Shared_Image.obj)' in function '"public: virtual void __cdecl Fl_Shared_Image::reload(void)" (?reload@Fl_Shared_Image@@UEAAXXZ)' [D:\a\chess-clock\chess-clock\build\chess_clock.vcxproj]
LINK : warning LNK4286: symbol 'fread' defined in 'libucrt.lib(fread.obj)' is imported by 'fltk.lib(Fl_Text_Buffer.obj)' [D:\a\chess-clock\chess-clock\build\chess_clock.vcxproj]
LINK : warning LNK4217: symbol 'qsort' defined in 'libucrt.lib(qsort.obj)' is imported by 'fltk.lib(Fl_Shared_Image.obj)' in function '"protected: void __cdecl Fl_Shared_Image::add(void)" (?add@Fl_Shared_Image@@IEAAXXZ)' [D:\a\chess-clock\chess-clock\build\chess_clock.vcxproj]
LINK : warning LNK4286: symbol 'qsort' defined in 'libucrt.lib(qsort.obj)' is imported by 'fltk.lib(scandir_win32.obj)' [D:\a\chess-clock\chess-clock\build\chess_clock.vcxproj]
LINK : warning LNK4217: symbol 'isprint' defined in 'libucrt.lib(_ctype.obj)' is imported by 'fltk.lib(Fl_Text_Editor.obj)' in function '"public: static int __cdecl Fl_Text_Editor::kf_default(int,class Fl_Text_Editor *)" (?kf_default@Fl_Text_Editor@@SAHHPEAV1@@Z)' [D:\a\chess-clock\chess-clock\build\chess_clock.vcxproj]
LINK : warning LNK4217: symbol 'strtoul' defined in 'libucrt.lib(strtox.obj)' is imported by 'fltk.lib(Fl_Browser.obj)' in function '"protected: virtual void __cdecl Fl_Browser::item_draw(void *,int,int,int,int)const " (?item_draw@Fl_Browser@@MEBAXPEAXHHHH@Z)' [D:\a\chess-clock\chess-clock\build\chess_clock.vcxproj]
LINK : warning LNK4217: symbol '_errno' defined in 'libucrt.lib(errno.obj)' is imported by 'fltk.lib(scandir_win32.obj)' in function 'fl_scandir' [D:\a\chess-clock\chess-clock\build\chess_clock.vcxproj]
LINK : warning LNK4217: symbol 'abort' defined in 'libucrt.lib(abort.obj)' is imported by 'fltk.lib(Fl_Native_File_Chooser_WIN32.obj)' in function '"private: int __cdecl Fl_WinAPI_Native_File_Chooser_Driver::showfile(void)" (?showfile@Fl_WinAPI_Native_File_Chooser_Driver@@AEAAHXZ)' [D:\a\chess-clock\chess-clock\build\chess_clock.vcxproj]
LINK : warning LNK4217: symbol 'islower' defined in 'libucrt.lib(_ctype.obj)' is imported by 'fltk.lib(Fl_XPM_Image.obj)' in function '"public: __cdecl Fl_XPM_Image::Fl_XPM_Image(char const *)" (??0Fl_XPM_Image@@QEAA@PEBD@Z)' [D:\a\chess-clock\chess-clock\build\chess_clock.vcxproj]
fltk.lib(Fl_Input_.obj) : error LNK2019: unresolved external symbol __imp_atof referenced in function "public: double __cdecl Fl_Input_::dvalue(void)const " (?dvalue@Fl_Input_@@QEBANXZ) [D:\a\chess-clock\chess-clock\build\chess_clock.vcxproj]
fltk.lib(Fl_Preferences.obj) : error LNK2001: unresolved external symbol __imp_atof [D:\a\chess-clock\chess-clock\build\chess_clock.vcxproj]
fltk.lib(Fl_XBM_Image.obj) : error LNK2001: unresolved external symbol __imp___stdio_common_vsscanf [D:\a\chess-clock\chess-clock\build\chess_clock.vcxproj]
fltk.lib(Fl_XPM_Image.obj) : error LNK2001: unresolved external symbol __imp___stdio_common_vsscanf [D:\a\chess-clock\chess-clock\build\chess_clock.vcxproj]
fltk.lib(Fl_Pixmap.obj) : error LNK2001: unresolved external symbol __imp___stdio_common_vsscanf [D:\a\chess-clock\chess-clock\build\chess_clock.vcxproj]
fltk.lib(Fl_Screen_Driver.obj) : error LNK2001: unresolved external symbol __imp___stdio_common_vsscanf [D:\a\chess-clock\chess-clock\build\chess_clock.vcxproj]
fltk.lib(fl_draw_pixmap.obj) : error LNK2001: unresolved external symbol __imp___stdio_common_vsscanf [D:\a\chess-clock\chess-clock\build\chess_clock.vcxproj]
fltk.lib(Fl_WinAPI_System_Driver.obj) : error LNK2001: unresolved external symbol __imp___stdio_common_vsscanf [D:\a\chess-clock\chess-clock\build\chess_clock.vcxproj]
fltk.lib(Fl_Preferences.obj) : error LNK2019: unresolved external symbol __imp_fgets referenced in function "public: int __cdecl Fl_Preferences::RootNode::read(void)" (?read@RootNode@Fl_Preferences@@QEAAHXZ) [D:\a\chess-clock\chess-clock\build\chess_clock.vcxproj]
fltk.lib(Fl_XBM_Image.obj) : error LNK2001: unresolved external symbol __imp_fgets [D:\a\chess-clock\chess-clock\build\chess_clock.vcxproj]
fltk.lib(Fl_XPM_Image.obj) : error LNK2001: unresolved external symbol __imp_fgets [D:\a\chess-clock\chess-clock\build\chess_clock.vcxproj]
fltk.lib(fl_WinAPI_platform_init.obj) : error LNK2019: unresolved external symbol __imp__strdup referenced in function "public: virtual char * __cdecl Fl_WinAPI_System_Driver::strdup(char const *)" (?strdup@Fl_WinAPI_System_Driver@@UEAAPEADPEBD@Z) [D:\a\chess-clock\chess-clock\build\chess_clock.vcxproj]
fltk.lib(Fl_WinAPI_System_Driver.obj) : error LNK2001: unresolved external symbol __imp__strdup [D:\a\chess-clock\chess-clock\build\chess_clock.vcxproj]
fltk.lib(Fl_WinAPI_Printer_Driver.obj) : error LNK2001: unresolved external symbol __imp__strdup [D:\a\chess-clock\chess-clock\build\chess_clock.vcxproj]
fltk.lib(fl_call_main.obj) : error LNK2001: unresolved external symbol __imp__strdup [D:\a\chess-clock\chess-clock\build\chess_clock.vcxproj]
fltk.lib(Fl_Timeout.obj) : error LNK2019: unresolved external symbol __imp_trunc referenced in function "public: static struct Fl_Timestamp_t __cdecl Fl::now(double)" (?now@Fl@@SA?AUFl_Timestamp_t@@N@Z) [D:\a\chess-clock\chess-clock\build\chess_clock.vcxproj]
fltk.lib(Fl_System_Driver.obj) : error LNK2019: unresolved external symbol __imp__time64 referenced in function "public: virtual void __cdecl Fl_System_Driver::gettime(__int64 *,int *)" (?gettime@Fl_System_Driver@@UEAAXPEA_JPEAH@Z) [D:\a\chess-clock\chess-clock\build\chess_clock.vcxproj]
fltk.lib(Fl_WinAPI_System_Driver.obj) : error LNK2001: unresolved external symbol __imp__time64 [D:\a\chess-clock\chess-clock\build\chess_clock.vcxproj]
fltk.lib(filename_list.obj) : error LNK2019: unresolved external symbol __imp__stricmp referenced in function fl_casealphasort [D:\a\chess-clock\chess-clock\build\chess_clock.vcxproj]
fltk.lib(Fl_WinAPI_System_Driver.obj) : error LNK2019: unresolved external symbol __imp__wstat64i32 referenced in function "public: virtual int __cdecl Fl_WinAPI_System_Driver::flstat(char const *,struct stat *)" (?flstat@Fl_WinAPI_System_Driver@@UEAAHPEBDPEAUstat@@@Z) [D:\a\chess-clock\chess-clock\build\chess_clock.vcxproj]
fltk.lib(Fl_WinAPI_System_Driver.obj) : error LNK2019: unresolved external symbol __imp__wputenv referenced in function "public: virtual int __cdecl Fl_WinAPI_System_Driver::putenv(char const *)" (?putenv@Fl_WinAPI_System_Driver@@UEAAHPEBD@Z) [D:\a\chess-clock\chess-clock\build\chess_clock.vcxproj]
fltk.lib(Fl_WinAPI_System_Driver.obj) : error LNK2019: unresolved external symbol __imp__wsystem referenced in function "public: virtual int __cdecl Fl_WinAPI_System_Driver::system(char const *)" (?system@Fl_WinAPI_System_Driver@@UEAAHPEBD@Z) [D:\a\chess-clock\chess-clock\build\chess_clock.vcxproj]
fltk.lib(Fl_WinAPI_System_Driver.obj) : error LNK2019: unresolved external symbol __imp_rand referenced in function "public: virtual void __cdecl Fl_WinAPI_System_Driver::newUUID(char *)" (?newUUID@Fl_WinAPI_System_Driver@@UEAAXPEAD@Z) [D:\a\chess-clock\chess-clock\build\chess_clock.vcxproj]
fltk.lib(Fl_WinAPI_System_Driver.obj) : error LNK2019: unresolved external symbol __imp__ftime64 referenced in function "public: virtual void __cdecl Fl_WinAPI_System_Driver::gettime(__int64 *,int *)" (?gettime@Fl_WinAPI_System_Driver@@UEAAXPEA_JPEAH@Z) [D:\a\chess-clock\chess-clock\build\chess_clock.vcxproj]
fltk.lib(Fl_WinAPI_System_Driver.obj) : error LNK2019: unresolved external symbol __imp__wgetcwd referenced in function "public: virtual char * __cdecl Fl_WinAPI_System_Driver::getcwd(char *,int)" (?getcwd@Fl_WinAPI_System_Driver@@UEAAPEADPEADH@Z) [D:\a\chess-clock\chess-clock\build\chess_clock.vcxproj]
fltk.lib(Fl_WinAPI_System_Driver.obj) : error LNK2019: unresolved external symbol __imp__wchdir referenced in function "public: virtual int __cdecl Fl_WinAPI_System_Driver::chdir(char const *)" (?chdir@Fl_WinAPI_System_Driver@@UEAAHPEBD@Z) [D:\a\chess-clock\chess-clock\build\chess_clock.vcxproj]
fltk.lib(Fl_WinAPI_System_Driver.obj) : error LNK2019: unresolved external symbol __imp__wmkdir referenced in function "public: virtual int __cdecl Fl_WinAPI_System_Driver::mkdir(char const *,int)" (?mkdir@Fl_WinAPI_System_Driver@@UEAAHPEBDH@Z) [D:\a\chess-clock\chess-clock\build\chess_clock.vcxproj]
fltk.lib(Fl_WinAPI_System_Driver.obj) : error LNK2019: unresolved external symbol __imp__wrmdir referenced in function "public: virtual int __cdecl Fl_WinAPI_System_Driver::rmdir(char const *)" (?rmdir@Fl_WinAPI_System_Driver@@UEAAHPEBD@Z) [D:\a\chess-clock\chess-clock\build\chess_clock.vcxproj]
fltk.lib(Fl_WinAPI_System_Driver.obj) : error LNK2019: unresolved external symbol __imp__waccess referenced in function "public: virtual int __cdecl Fl_WinAPI_System_Driver::access(char const *,int)" (?access@Fl_WinAPI_System_Driver@@UEAAHPEBDH@Z) [D:\a\chess-clock\chess-clock\build\chess_clock.vcxproj]
fltk.lib(Fl_WinAPI_System_Driver.obj) : error LNK2019: unresolved external symbol __imp__wchmod referenced in function "public: virtual int __cdecl Fl_WinAPI_System_Driver::chmod(char const *,int)" (?chmod@Fl_WinAPI_System_Driver@@UEAAHPEBDH@Z) [D:\a\chess-clock\chess-clock\build\chess_clock.vcxproj]
fltk.lib(Fl_WinAPI_System_Driver.obj) : error LNK2019: unresolved external symbol __imp__wunlink referenced in function "public: virtual int __cdecl Fl_WinAPI_System_Driver::unlink(char const *)" (?unlink@Fl_WinAPI_System_Driver@@UEAAHPEBD@Z) [D:\a\chess-clock\chess-clock\build\chess_clock.vcxproj]
fltk.lib(Fl_WinAPI_System_Driver.obj) : error LNK2019: unresolved external symbol __imp__wrename referenced in function "public: virtual int __cdecl Fl_WinAPI_System_Driver::rename(char const *,char const *)" (?rename@Fl_WinAPI_System_Driver@@UEAAHPEBD0@Z) [D:\a\chess-clock\chess-clock\build\chess_clock.vcxproj]
fltk.lib(Fl_WinAPI_System_Driver.obj) : error LNK2019: unresolved external symbol __imp__wexecvp referenced in function "public: virtual int __cdecl Fl_WinAPI_System_Driver::execvp(char const *,char * const *)" (?execvp@Fl_WinAPI_System_Driver@@UEAAHPEBDPEBQEAD@Z) [D:\a\chess-clock\chess-clock\build\chess_clock.vcxproj]
fltk.lib(Fl_win32.obj) : error LNK2019: unresolved external symbol __imp_round referenced in function "__int64 __cdecl WndProc(struct HWND__ *,unsigned int,unsigned __int64,__int64)" (?WndProc@@YA_JPEAUHWND__@@I_K_J@Z) [D:\a\chess-clock\chess-clock\build\chess_clock.vcxproj]
fltk.lib(Fl_Shared_Image.obj) : error LNK2019: unresolved external symbol __imp_bsearch referenced in function "public: static class Fl_Shared_Image * __cdecl Fl_Shared_Image::find(char const *,int,int)" (?find@Fl_Shared_Image@@SAPEAV1@PEBDHH@Z) [D:\a\chess-clock\chess-clock\build\chess_clock.vcxproj]
fltk.lib(filename_isdir.obj) : error LNK2019: unresolved external symbol __imp__stat64i32 referenced in function "public: virtual int __cdecl Fl_System_Driver::filename_isdir(char const *)" (?filename_isdir@Fl_System_Driver@@UEAAHPEBD@Z) [D:\a\chess-clock\chess-clock\build\chess_clock.vcxproj]
fltk.lib(scandir_win32.obj) : error LNK2019: unresolved external symbol __imp_strerror referenced in function fl_scandir [D:\a\chess-clock\chess-clock\build\chess_clock.vcxproj]
fltk.lib(Fl_Text_Buffer.obj) : error LNK2019: unresolved external symbol __imp_ferror referenced in function "public: int __cdecl Fl_Text_Buffer::insertfile(char const *,int,int)" (?insertfile@Fl_Text_Buffer@@QEAAHPEBDHH@Z) [D:\a\chess-clock\chess-clock\build\chess_clock.vcxproj]
D:\a\chess-clock\chess-clock\build\Release\chess_clock.exe : fatal error LNK1120: 26 unresolved externals [D:\a\chess-clock\chess-clock\build\chess_clock.vcxproj]
  Building Custom Rule D:/a/chess-clock/chess-clock/build/_deps/fltk-src/fltk-options/CMakeLists.txt
  fltk-options.cxx
  fltk-options.vcxproj -> D:\a\chess-clock\chess-clock\build\_deps\fltk-build\bin\Release\fltk-options.exe
  Building Custom Rule D:/a/chess-clock/chess-clock/build/_deps/fltk-src/fltk-options/CMakeLists.txt
  fltk-options.cxx
  fltk-options-cmd.vcxproj -> D:\a\chess-clock\chess-clock\build\_deps\fltk-build\bin\Release\fltk-options-cmd.exe
  Building Custom Rule D:/a/chess-clock/chess-clock/build/_deps/fltk-src/src/CMakeLists.txt
  forms_compatibility.cxx
  forms_bitmap.cxx
  forms_free.cxx
  forms_fselect.cxx
  forms_pixmap.cxx
  forms_timer.cxx
  Generating Code...
  fltk_forms.vcxproj -> D:\a\chess-clock\chess-clock\build\_deps\fltk-build\lib\Release\fltk_forms.lib
  Building Custom Rule D:/a/chess-clock/chess-clock/build/_deps/fltk-src/src/CMakeLists.txt
  Fl_Gl_Choice.cxx
  Fl_Gl_Device_Plugin.cxx
  Fl_Gl_Overlay.cxx
  Fl_Gl_Window.cxx
  freeglut_geometry.cxx
  freeglut_stroke_mono_roman.cxx
  freeglut_stroke_roman.cxx
  freeglut_teapot.cxx
  gl_draw.cxx
  gl_start.cxx
  glut_compatibility.cxx
  glut_font.cxx
  Fl_OpenGL_Display_Device.cxx
  Fl_OpenGL_Graphics_Driver_arci.cxx
  Fl_OpenGL_Graphics_Driver_color.cxx
  Fl_OpenGL_Graphics_Driver_font.cxx
  Fl_OpenGL_Graphics_Driver_line_style.cxx
  Fl_OpenGL_Graphics_Driver_rect.cxx
  Fl_OpenGL_Graphics_Driver_vertex.cxx
  Fl_WinAPI_Gl_Window_Driver.cxx
  Generating Code...
  fltk_gl.vcxproj -> D:\a\chess-clock\chess-clock\build\_deps\fltk-build\lib\Release\fltk_gl.lib
  Building Custom Rule D:/a/chess-clock/chess-clock/build/_deps/fltk-src/jpeg/CMakeLists.txt
  jmemnobs.c
  jaricom.c
  jcomapi.c
  jutils.c
  jerror.c
  jmemmgr.c
  jcapimin.c
  jcapistd.c
  jcarith.c
  jctrans.c
  jcparam.c
  jdatadst.c
  jcinit.c
  jcmaster.c
  jcmarker.c
  jcmainct.c
  jcprepct.c
  jccoefct.c
  jccolor.c
  jcsample.c
  Generating Code...
  Compiling...
  jchuff.c
  jcdctmgr.c
  jfdctfst.c
  jfdctflt.c
  jfdctint.c
  jdapimin.c
  jdapistd.c
  jdarith.c
  jdtrans.c
  jdatasrc.c
  jdmaster.c
  jdinput.c
  jdmarker.c
  jdhuff.c
  jdmainct.c
  jdcoefct.c
  jdpostct.c
  jddctmgr.c
  jidctfst.c
  jidctflt.c
  Generating Code...
  Compiling...
  jidctint.c
  jdsample.c
  jdcolor.c
  jquant1.c
  jquant2.c
  jdmerge.c
  Generating Code...
  fltk_jpeg.vcxproj -> D:\a\chess-clock\chess-clock\build\_deps\fltk-build\lib\Release\fltk_jpeg.lib
  Building Custom Rule D:/a/chess-clock/chess-clock/build/_deps/fltk-src/zlib/CMakeLists.txt
  adler32.c
  compress.c
  crc32.c
  deflate.c
  gzclose.c
  gzlib.c
  gzread.c
  gzwrite.c
  inflate.c
  infback.c
  inftrees.c
  inffast.c
  trees.c
  uncompr.c
  zutil.c
  Generating Code...
  fltk_z.vcxproj -> D:\a\chess-clock\chess-clock\build\_deps\fltk-build\lib\Release\fltk_z.lib
  Building Custom Rule D:/a/chess-clock/chess-clock/build/_deps/fltk-src/png/CMakeLists.txt
  png.c
  pngerror.c
  pngget.c
  pngmem.c
  pngpread.c
  pngread.c
  pngrio.c
  pngrtran.c
  pngrutil.c
  pngset.c
  pngtrans.c
  pngwio.c
  pngwrite.c
  pngwtran.c
  pngwutil.c
  arm_init.c
  filter_neon_intrinsics.c
  palette_neon_intrinsics.c
  powerpc_init.c
  filter_vsx_intrinsics.c
  Generating Code...
  fltk_png.vcxproj -> D:\a\chess-clock\chess-clock\build\_deps\fltk-build\lib\Release\fltk_png.lib
  Building Custom Rule D:/a/chess-clock/chess-clock/build/_deps/fltk-src/src/CMakeLists.txt
  fl_images_core.cxx
  fl_write_png.cxx
  Fl_BMP_Image.cxx
  Fl_File_Icon2.cxx
  Fl_GIF_Image.cxx
  Fl_Anim_GIF_Image.cxx
  Fl_Help_Dialog.cxx
  Fl_ICO_Image.cxx
  Fl_JPEG_Image.cxx
  Fl_PNG_Image.cxx
  Fl_PNM_Image.cxx
  Fl_Image_Reader.cxx
  Fl_SVG_Image.cxx
  nanosvg.cxx
  Fl_SVG_File_Surface.cxx
  Generating Code...
  fltk_images.vcxproj -> D:\a\chess-clock\chess-clock\build\_deps\fltk-build\lib\Release\fltk_images.lib
