-- Building for: Visual Studio 18 2026
-- The CXX compiler identification is MSVC 19.51.36247.0
-- Detecting CXX compiler ABI info
-- Detecting CXX compiler ABI info - done
-- Check for working CXX compiler: C:/Program Files/Microsoft Visual Studio/18/Enterprise/VC/Tools/MSVC/14.51.36231/bin/Hostx64/x64/cl.exe - skipped
-- Detecting CXX compile features
-- Detecting CXX compile features - done
-- The C compiler identification is MSVC 19.51.36247.0
-- Detecting C compiler ABI info
-- Detecting C compiler ABI info - done
-- Check for working C compiler: C:/Program Files/Microsoft Visual Studio/18/Enterprise/VC/Tools/MSVC/14.51.36231/bin/Hostx64/x64/cl.exe - skipped
-- Detecting C compile features
-- Detecting C compile features - done
-- Looking for sys/types.h
-- Looking for sys/types.h - found
-- Looking for stdint.h
-- Looking for stdint.h - found
-- Looking for stddef.h
-- Looking for stddef.h - found
-- Check size of short
-- Check size of short - done
-- Check size of int
-- Check size of int - done
-- Check size of long
-- Check size of long - done
-- Check size of long long
-- Check size of long long - done
-- Could NOT find PkgConfig (missing: PKG_CONFIG_EXECUTABLE) 
-- Info: Header file GL/glu.h was not found. Continuing...
-- Found Doxygen: C:/Strawberry/c/bin/doxygen.exe (found version "1.10.0") found components: doxygen missing components: dot
-- Could NOT find LATEX (missing: LATEX_COMPILER) 
-- Found OpenGL: opengl32
-- Looking for glXGetProcAddressARB
-- Looking for glXGetProcAddressARB - not found
-- Warning: fluid not found on the build system!
-- Configuration Summary for FLTK 1.4.5 generated by CMake 4.3.3 --

-- The following OPTIONAL packages have been found:

 * Doxygen
 * OpenGL

-- The following OPTIONAL packages have not been found:

 * LATEX

-- Static libraries    will be built in: D:/a/chess-clock/chess-clock/build/_deps/fltk-build/lib
-- Shared libraries    will not be built (set FLTK_BUILD_SHARED_LIBS=ON to build)
-- The forms library   will be built in: D:/a/chess-clock/chess-clock/build/_deps/fltk-build/lib
-- The OpenGL library  will be built in: D:/a/chess-clock/chess-clock/build/_deps/fltk-build/lib
-- fluid               will not be built (set FLTK_BUILD_FLUID=ON to build)
-- fltk-options        will be built in: D:/a/chess-clock/chess-clock/build/_deps/fltk-build/bin
-- Test programs       will not be built (set FLTK_BUILD_TEST=ON to build)
-- Example programs    will not be built (set FLTK_BUILD_EXAMPLES=ON to build)
-- 
-- Build configuration      Release
-- Installation prefix      C:/Program Files (x86)/chess_clock
-- Bundled Libraries        JPEG     = Bundled
--                          PNG      = Bundled
--                          ZLIB     = Bundled
-- Fl_Cairo_Window support  No
-- Use std::                No
-- End of Configuration Summary --

-- Configuring done (50.4s)




-- Generating done (0.2s)
-- Build files have been written to: D:/a/chess-clock/chess-clock/build
